<?xml version="1.0" encoding="UTF-8"?>
<testsuite xmlns:xsi="http://www.w3.org/2001/XMLSchema-instance" xsi:noNamespaceSchemaLocation="https://maven.apache.org/surefire/maven-surefire-plugin/xsd/surefire-test-report-3.0.xsd" version="3.0" name="cr.ac.ulatina.banco.CorreoTest" time="30.497" tests="1" errors="0" skipped="0" failures="0">
  <properties>
[...]
</properties>
  <testcase name="testEnviarCorreoPrueba" classname="cr.ac.ulatina.banco.CorreoTest" time="10.865">
    <system-out><![CDATA[15:46:22.917 [main] INFO org.springframework.test.context.support.AnnotationConfigContextLoaderUtils -- Could not detect default configuration classes for test class [cr.ac.ulatina.banco.CorreoTest]: CorreoTest does not declare any static, non-private, non-final, nested classes annotated with @Configuration.
15:46:23.244 [main] INFO org.springframework.boot.test.context.SpringBootTestContextBootstrapper -- Found @SpringBootConfiguration cr.ac.ulatina.banco.AplicacionBancoULatina for test class cr.ac.ulatina.banco.CorreoTest
15:46:23.765 [main] INFO org.springframework.boot.devtools.restart.RestartApplicationListener -- Restart disabled due to context in which it is running

  .   ____          _            __ _ _
 /\\ / ___'_ __ _ _(_)_ __  __ _ \ \ \ \
( ( )\___ | '_ | '_| | '_ \/ _` | \ \ \ \
 \\/  ___)| |_)| | | | | || (_| |  ) ) ) )
  '  |____| .__|_| |_|_| |_\__, | / / / /
 =========|_|==============|___/=/_/_/_/
 :: Spring Boot ::                (v3.2.5)

2025-09-22T15:46:24.783-06:00  INFO 33512 --- [           main] cr.ac.ulatina.banco.CorreoTest           : Starting CorreoTest using Java 22.0.2 with PID 33512 (started by ruben in C:\Users\ruben\IdeaProjects\BancoULatina)
2025-09-22T15:46:24.785-06:00 DEBUG 33512 --- [           main] cr.ac.ulatina.banco.CorreoTest           : Running with Spring Boot v3.2.5, Spring v6.1.6
2025-09-22T15:46:24.786-06:00  INFO 33512 --- [           main] cr.ac.ulatina.banco.CorreoTest           : No active profile set, falling back to 1 default profile: "default"
2025-09-22T15:46:27.328-06:00  INFO 33512 --- [           main] .s.d.r.c.RepositoryConfigurationDelegate : Bootstrapping Spring Data JPA repositories in DEFAULT mode.
2025-09-22T15:46:27.623-06:00  INFO 33512 --- [           main] .s.d.r.c.RepositoryConfigurationDelegate : Finished Spring Data repository scanning in 269 ms. Found 10 JPA repository interfaces.
2025-09-22T15:46:29.761-06:00  INFO 33512 --- [           main] o.hibernate.jpa.internal.util.LogHelper  : HHH000204: Processing PersistenceUnitInfo [name: default]
2025-09-22T15:46:30.103-06:00  INFO 33512 --- [           main] org.hibernate.Version                    : HHH000412: Hibernate ORM core version 6.4.4.Final
2025-09-22T15:46:30.241-06:00  INFO 33512 --- [           main] o.h.c.internal.RegionFactoryInitiator    : HHH000026: Second-level cache disabled
2025-09-22T15:46:31.483-06:00  INFO 33512 --- [           main] o.s.o.j.p.SpringPersistenceUnitInfo      : No LoadTimeWeaver setup: ignoring JPA class transformer
2025-09-22T15:46:31.573-06:00  INFO 33512 --- [           main] com.zaxxer.hikari.HikariDataSource       : HikariPool-1 - Starting...
2025-09-22T15:46:32.138-06:00  INFO 33512 --- [           main] com.zaxxer.hikari.pool.HikariPool        : HikariPool-1 - Added connection conn0: url=jdbc:h2:mem:fa16f49a-a9df-419a-bdfc-9a2c0ca50e51 user=SA
2025-09-22T15:46:32.143-06:00  INFO 33512 --- [           main] com.zaxxer.hikari.HikariDataSource       : HikariPool-1 - Start completed.
2025-09-22T15:46:32.206-06:00  WARN 33512 --- [           main] org.hibernate.orm.deprecation            : HHH90000025: H2Dialect does not need to be specified explicitly using 'hibernate.dialect' (remove the property setting and it will be selected by default)
2025-09-22T15:46:35.581-06:00  INFO 33512 --- [           main] o.h.e.t.j.p.i.JtaPlatformInitiator       : HHH000489: No JTA platform available (set 'hibernate.transaction.jta.platform' to enable JTA platform integration)
2025-09-22T15:46:35.623-06:00 DEBUG 33512 --- [           main] org.hibernate.SQL                        : drop table if exists asientos_contables cascade 
Hibernate: drop table if exists asientos_contables cascade 
2025-09-22T15:46:35.633-06:00 DEBUG 33512 --- [           main] org.hibernate.SQL                        : drop table if exists asientos_lineas cascade 
Hibernate: drop table if exists asientos_lineas cascade 
2025-09-22T15:46:35.634-06:00 DEBUG 33512 --- [           main] org.hibernate.SQL                        : drop table if exists cuentas cascade 
Hibernate: drop table if exists cuentas cascade 
2025-09-22T15:46:35.635-06:00 DEBUG 33512 --- [           main] org.hibernate.SQL                        : drop table if exists movimientos cascade 
Hibernate: drop table if exists movimientos cascade 
2025-09-22T15:46:35.636-06:00 DEBUG 33512 --- [           main] org.hibernate.SQL                        : drop table if exists prestamos cascade 
Hibernate: drop table if exists prestamos cascade 
2025-09-22T15:46:35.638-06:00 DEBUG 33512 --- [           main] org.hibernate.SQL                        : drop table if exists solicitudes_producto cascade 
Hibernate: drop table if exists solicitudes_producto cascade 
2025-09-22T15:46:35.639-06:00 DEBUG 33512 --- [           main] org.hibernate.SQL                        : drop table if exists tarjetas_debito cascade 
Hibernate: drop table if exists tarjetas_debito cascade 
2025-09-22T15:46:35.639-06:00 DEBUG 33512 --- [           main] org.hibernate.SQL                        : drop table if exists tickets cascade 
Hibernate: drop table if exists tickets cascade 
2025-09-22T15:46:35.640-06:00 DEBUG 33512 --- [           main] org.hibernate.SQL                        : drop table if exists transferencias_externas cascade 
Hibernate: drop table if exists transferencias_externas cascade 
2025-09-22T15:46:35.641-06:00 DEBUG 33512 --- [           main] org.hibernate.SQL                        : drop table if exists usuarios cascade 
Hibernate: drop table if exists usuarios cascade 
2025-09-22T15:46:35.655-06:00 DEBUG 33512 --- [           main] org.hibernate.SQL                        : create table asientos_contables (total_debe numeric(18,2) not null, total_haber numeric(18,2) not null, fecha_creacion timestamp(6) not null, id bigint generated by default as identity, descripcion varchar(200) not null, primary key (id))
Hibernate: create table asientos_contables (total_debe numeric(18,2) not null, total_haber numeric(18,2) not null, fecha_creacion timestamp(6) not null, id bigint generated by default as identity, descripcion varchar(200) not null, primary key (id))
2025-09-22T15:46:35.678-06:00 DEBUG 33512 --- [           main] org.hibernate.SQL                        : create table asientos_lineas (debe numeric(18,2) not null, haber numeric(18,2) not null, asiento_id bigint not null, id bigint generated by default as identity, cuenta_contable varchar(40) not null, primary key (id))
Hibernate: create table asientos_lineas (debe numeric(18,2) not null, haber numeric(18,2) not null, asiento_id bigint not null, id bigint generated by default as identity, cuenta_contable varchar(40) not null, primary key (id))
2025-09-22T15:46:35.682-06:00 DEBUG 33512 --- [           main] org.hibernate.SQL                        : create table cuentas (activa boolean not null, saldo numeric(18,2), tasa_interes_anual numeric(8,4), dueno_id bigint not null, id bigint generated by default as identity, estado varchar(255) check (estado in ('ACTIVA','BLOQUEADA','CERRADA')), moneda varchar(255) check (moneda in ('CRC','USD')), tipo varchar(255) check (tipo in ('AHORROS','CORRIENTE')), primary key (id))
Hibernate: create table cuentas (activa boolean not null, saldo numeric(18,2), tasa_interes_anual numeric(8,4), dueno_id bigint not null, id bigint generated by default as identity, estado varchar(255) check (estado in ('ACTIVA','BLOQUEADA','CERRADA')), moneda varchar(255) check (moneda in ('CRC','USD')), tipo varchar(255) check (tipo in ('AHORROS','CORRIENTE')), primary key (id))
2025-09-22T15:46:35.695-06:00 DEBUG 33512 --- [           main] org.hibernate.SQL                        : create table movimientos (monto numeric(18,2) not null, creado_en timestamp(6), cuenta_id bigint not null, id bigint generated by default as identity, referencia varchar(100), tipo varchar(255) check (tipo in ('DEPOSITO','RETIRO','TRANSFERENCIA_INTERNA_SALIDA','TRANSFERENCIA_INTERNA_ENTRADA','TRANSFERENCIA_SINPE_SALIDA','TRANSFERENCIA_SINPE_ENTRADA')), primary key (id))
Hibernate: create table movimientos (monto numeric(18,2) not null, creado_en timestamp(6), cuenta_id bigint not null, id bigint generated by default as identity, referencia varchar(100), tipo varchar(255) check (tipo in ('DEPOSITO','RETIRO','TRANSFERENCIA_INTERNA_SALIDA','TRANSFERENCIA_INTERNA_ENTRADA','TRANSFERENCIA_SINPE_SALIDA','TRANSFERENCIA_SINPE_ENTRADA')), primary key (id))
2025-09-22T15:46:35.698-06:00 DEBUG 33512 --- [           main] org.hibernate.SQL                        : create table prestamos (fecha_fin date, fecha_inicio date, monto_principal numeric(18,2) not null, plazo_meses integer not null, saldo_pendiente numeric(18,2) not null, tasa_anual numeric(8,4) not null, cliente_id bigint not null, creado_en timestamp(6), id bigint generated by default as identity, estado varchar(255) check (estado in ('PENDIENTE_DESEMBOLSO','ACTIVO','CERRADO','INCUMPLIDO')), primary key (id))
Hibernate: create table prestamos (fecha_fin date, fecha_inicio date, monto_principal numeric(18,2) not null, plazo_meses integer not null, saldo_pendiente numeric(18,2) not null, tasa_anual numeric(8,4) not null, cliente_id bigint not null, creado_en timestamp(6), id bigint generated by default as identity, estado varchar(255) check (estado in ('PENDIENTE_DESEMBOLSO','ACTIVO','CERRADO','INCUMPLIDO')), primary key (id))
2025-09-22T15:46:35.700-06:00 DEBUG 33512 --- [           main] org.hibernate.SQL                        : create table solicitudes_producto (monto numeric(18,2), plazo_meses integer, tasa_anual numeric(8,4), cliente_id bigint not null, creado_en timestamp(6), id bigint generated by default as identity, estado varchar(255) check (estado in ('PENDIENTE','APROBADA','RECHAZADA')), tipo varchar(255) check (tipo in ('NUEVA_TARJETA_DEBITO','NUEVA_CUENTA','PRESTAMO')), primary key (id))
Hibernate: create table solicitudes_producto (monto numeric(18,2), plazo_meses integer, tasa_anual numeric(8,4), cliente_id bigint not null, creado_en timestamp(6), id bigint generated by default as identity, estado varchar(255) check (estado in ('PENDIENTE','APROBADA','RECHAZADA')), tipo varchar(255) check (tipo in ('NUEVA_TARJETA_DEBITO','NUEVA_CUENTA','PRESTAMO')), primary key (id))
2025-09-22T15:46:35.705-06:00 DEBUG 33512 --- [           main] org.hibernate.SQL                        : create table tarjetas_debito (activa boolean not null, cuenta_asociada_id bigint not null, dueno_id bigint not null, id bigint generated by default as identity, numero_tarjeta varchar(16) not null unique, primary key (id))
Hibernate: create table tarjetas_debito (activa boolean not null, cuenta_asociada_id bigint not null, dueno_id bigint not null, id bigint generated by default as identity, numero_tarjeta varchar(16) not null unique, primary key (id))
2025-09-22T15:46:35.712-06:00 DEBUG 33512 --- [           main] org.hibernate.SQL                        : create table tickets (actualizado_en timestamp(6), asignadoa_id bigint, cliente_id bigint not null, creado_en timestamp(6), id bigint generated by default as identity, categoria varchar(100), descripcion varchar(2000), estado varchar(255) check (estado in ('ABIERTO','EN_PROCESO','RESUELTO','RECHAZADO')), primary key (id))
Hibernate: create table tickets (actualizado_en timestamp(6), asignadoa_id bigint, cliente_id bigint not null, creado_en timestamp(6), id bigint generated by default as identity, categoria varchar(100), descripcion varchar(2000), estado varchar(255) check (estado in ('ABIERTO','EN_PROCESO','RESUELTO','RECHAZADO')), primary key (id))
2025-09-22T15:46:35.716-06:00 DEBUG 33512 --- [           main] org.hibernate.SQL                        : create table transferencias_externas (monto numeric(18,2) not null, creado_en timestamp(6), cuenta_origen_id bigint not null, id bigint generated by default as identity, banco_destino varchar(30) not null, comprobante varchar(50) unique, cuenta_destino varchar(64) not null, primary key (id))
Hibernate: create table transferencias_externas (monto numeric(18,2) not null, creado_en timestamp(6), cuenta_origen_id bigint not null, id bigint generated by default as identity, banco_destino varchar(30) not null, comprobante varchar(50) unique, cuenta_destino varchar(64) not null, primary key (id))
2025-09-22T15:46:35.721-06:00 DEBUG 33512 --- [           main] org.hibernate.SQL                        : create table usuarios (habilitado boolean not null, creado_en timestamp(6), id bigint generated by default as identity, cedula varchar(255) not null unique, correo varchar(255) not null unique, hash_contrasena varchar(255), nombre_completo varchar(255), rol varchar(255) check (rol in ('CLIENTE','TRABAJADOR')), primary key (id))
Hibernate: create table usuarios (habilitado boolean not null, creado_en timestamp(6), id bigint generated by default as identity, cedula varchar(255) not null unique, correo varchar(255) not null unique, hash_contrasena varchar(255), nombre_completo varchar(255), rol varchar(255) check (rol in ('CLIENTE','TRABAJADOR')), primary key (id))
2025-09-22T15:46:35.725-06:00 DEBUG 33512 --- [           main] org.hibernate.SQL                        : alter table if exists asientos_lineas add constraint FKt09q4esishvx4h1g4uapqsf0k foreign key (asiento_id) references asientos_contables
Hibernate: alter table if exists asientos_lineas add constraint FKt09q4esishvx4h1g4uapqsf0k foreign key (asiento_id) references asientos_contables
2025-09-22T15:46:35.764-06:00 DEBUG 33512 --- [           main] org.hibernate.SQL                        : alter table if exists cuentas add constraint FKsu5kaaeytgqxjfncdbbq0mvje foreign key (dueno_id) references usuarios
Hibernate: alter table if exists cuentas add constraint FKsu5kaaeytgqxjfncdbbq0mvje foreign key (dueno_id) references usuarios
2025-09-22T15:46:35.767-06:00 DEBUG 33512 --- [           main] org.hibernate.SQL                        : alter table if exists movimientos add constraint FK4moe88hxuohcysas5h70mdc09 foreign key (cuenta_id) references cuentas
Hibernate: alter table if exists movimientos add constraint FK4moe88hxuohcysas5h70mdc09 foreign key (cuenta_id) references cuentas
2025-09-22T15:46:35.772-06:00 DEBUG 33512 --- [           main] org.hibernate.SQL                        : alter table if exists prestamos add constraint FKiaex930ihw9wcr391n1qiotop foreign key (cliente_id) references usuarios
Hibernate: alter table if exists prestamos add constraint FKiaex930ihw9wcr391n1qiotop foreign key (cliente_id) references usuarios
2025-09-22T15:46:35.788-06:00 DEBUG 33512 --- [           main] org.hibernate.SQL                        : alter table if exists solicitudes_producto add constraint FKsmlkrx88923k52h9kfn219ba0 foreign key (cliente_id) references usuarios
Hibernate: alter table if exists solicitudes_producto add constraint FKsmlkrx88923k52h9kfn219ba0 foreign key (cliente_id) references usuarios
2025-09-22T15:46:35.793-06:00 DEBUG 33512 --- [           main] org.hibernate.SQL                        : alter table if exists tarjetas_debito add constraint FK1eyo85j0fi6nn9emmipu2vm1a foreign key (cuenta_asociada_id) references cuentas
Hibernate: alter table if exists tarjetas_debito add constraint FK1eyo85j0fi6nn9emmipu2vm1a foreign key (cuenta_asociada_id) references cuentas
2025-09-22T15:46:35.796-06:00 DEBUG 33512 --- [           main] org.hibernate.SQL                        : alter table if exists tarjetas_debito add constraint FK4psf7v1irmtpxlc0pfyontqn8 foreign key (dueno_id) references usuarios
Hibernate: alter table if exists tarjetas_debito add constraint FK4psf7v1irmtpxlc0pfyontqn8 foreign key (dueno_id) references usuarios
2025-09-22T15:46:35.799-06:00 DEBUG 33512 --- [           main] org.hibernate.SQL                        : alter table if exists tickets add constraint FK6ar3wm5qrmjvi8m5arncj8q43 foreign key (asignadoa_id) references usuarios
Hibernate: alter table if exists tickets add constraint FK6ar3wm5qrmjvi8m5arncj8q43 foreign key (asignadoa_id) references usuarios
2025-09-22T15:46:35.801-06:00 DEBUG 33512 --- [           main] org.hibernate.SQL                        : alter table if exists tickets add constraint FK65cqipvpb50t93u8x8dox96o3 foreign key (cliente_id) references usuarios
Hibernate: alter table if exists tickets add constraint FK65cqipvpb50t93u8x8dox96o3 foreign key (cliente_id) references usuarios
2025-09-22T15:46:35.804-06:00 DEBUG 33512 --- [           main] org.hibernate.SQL                        : alter table if exists transferencias_externas add constraint FKrtifo18dm9na6keykhhggjgs1 foreign key (cuenta_origen_id) references cuentas
Hibernate: alter table if exists transferencias_externas add constraint FKrtifo18dm9na6keykhhggjgs1 foreign key (cuenta_origen_id) references cuentas
2025-09-22T15:46:35.820-06:00  INFO 33512 --- [           main] j.LocalContainerEntityManagerFactoryBean : Initialized JPA EntityManagerFactory for persistence unit 'default'
2025-09-22T15:46:37.245-06:00  INFO 33512 --- [           main] o.s.d.j.r.query.QueryEnhancerFactory     : Hibernate is in classpath; If applicable, HQL parser will be used.
2025-09-22T15:46:39.732-06:00  INFO 33512 --- [           main] o.s.b.a.w.s.WelcomePageHandlerMapping    : Adding welcome page template: index
2025-09-22T15:46:40.761-06:00  INFO 33512 --- [           main] o.s.s.web.DefaultSecurityFilterChain     : Will secure any request with [org.springframework.security.web.session.DisableEncodeUrlFilter@494e7290, org.springframework.security.web.context.request.async.WebAsyncManagerIntegrationFilter@e87c4cf, org.springframework.security.web.context.SecurityContextHolderFilter@5ed4c87, org.springframework.security.web.header.HeaderWriterFilter@589dac96, org.springframework.web.filter.CorsFilter@7bb2b910, org.springframework.security.web.authentication.logout.LogoutFilter@34d08905, org.springframework.security.web.authentication.UsernamePasswordAuthenticationFilter@228c854f, org.springframework.security.web.savedrequest.RequestCacheAwareFilter@16908f89, org.springframework.security.web.servletapi.SecurityContextHolderAwareRequestFilter@5ca8157c, org.springframework.security.web.authentication.AnonymousAuthenticationFilter@5a4ceb1, org.springframework.security.web.access.ExceptionTranslationFilter@192f807, org.springframework.security.web.access.intercept.AuthorizationFilter@6222a343]
2025-09-22T15:46:41.981-06:00  INFO 33512 --- [           main] cr.ac.ulatina.banco.CorreoTest           : Started CorreoTest in 18.274 seconds (process running for 22.171)
2025-09-22T15:46:45.778-06:00  INFO 33512 --- [           main] c.a.u.b.servicio.AlertaCorreoServicio    : Correo enviado exitosamente a: rubencoto11@icloud.com
✅ Correo de bienvenida enviado exitosamente a: rubencoto11@icloud.com
2025-09-22T15:46:49.360-06:00  INFO 33512 --- [           main] c.a.u.b.servicio.AlertaCorreoServicio    : Correo enviado exitosamente a: rubencoto11@icloud.com
✅ Alerta de transacción enviada exitosamente a: rubencoto11@icloud.com
2025-09-22T15:46:52.869-06:00  INFO 33512 --- [           main] c.a.u.b.servicio.AlertaCorreoServicio    : Correo enviado exitosamente a: rubencoto11@icloud.com
✅ Alerta de saldo bajo enviada exitosamente a: rubencoto11@icloud.com
]]></system-out>
    <system-err><![CDATA[WARNING: A Java agent has been loaded dynamically (C:\Users\ruben\.m2\repository\net\bytebuddy\byte-buddy-agent\1.14.13\byte-buddy-agent-1.14.13.jar)
WARNING: If a serviceability tool is in use, please run with -XX:+EnableDynamicAgentLoading to hide this warning
WARNING: If a serviceability tool is not in use, please run with -Djdk.instrument.traceUsage for more information
WARNING: Dynamic loading of agents will be disallowed by default in a future release
]]></system-err>
  </testcase>
</testsuite>